2025-02-12 23:30:32.528 [info] Extension host with pid 20482 started
2025-02-12 23:30:32.539 [info] ExtensionService#_doActivateExtension vscode.git-base, startup: true, activationEvent: '*', root cause: vscode.git
2025-02-12 23:30:32.539 [info] ExtensionService#_doActivateExtension be5invis.vscode-custom-css, startup: true, activationEvent: '*'
2025-02-12 23:30:32.674 [info] Extension host with pid 20498 started
2025-02-12 23:30:32.677 [info] Eager extensions activated
2025-02-12 23:30:32.677 [info] ExtensionService#_doActivateExtension vscodevim.vim, startup: false, activationEvent: 'onStartupFinished'
2025-02-12 23:30:33.006 [info] ExtensionService#_doActivateExtension vscode.git, startup: true, activationEvent: '*'
2025-02-12 23:30:33.006 [info] ExtensionService#_doActivateExtension vscode.github, startup: true, activationEvent: '*'
2025-02-12 23:30:33.095 [info] Eager extensions activated
2025-02-12 23:30:33.096 [info] ExtensionService#_doActivateExtension vscode.debug-auto-launch, startup: false, activationEvent: 'onStartupFinished'
2025-02-12 23:30:33.096 [info] ExtensionService#_doActivateExtension vscode.merge-conflict, startup: false, activationEvent: 'onStartupFinished'
2025-02-12 23:30:33.096 [info] ExtensionService#_doActivateExtension alefragnani.Bookmarks, startup: false, activationEvent: 'onStartupFinished'
2025-02-12 23:30:33.096 [info] ExtensionService#_doActivateExtension BrandonKirbyson.vscode-animations, startup: false, activationEvent: 'onStartupFinished'
2025-02-12 23:30:33.097 [info] ExtensionService#_doActivateExtension Catppuccin.catppuccin-vsc, startup: false, activationEvent: 'onStartupFinished'
2025-02-12 23:30:33.100 [info] ExtensionService#_doActivateExtension Catppuccin.catppuccin-vsc-icons, startup: false, activationEvent: 'onStartupFinished'
2025-02-12 23:30:33.141 [info] ExtensionService#_doActivateExtension Codeium.codeium, startup: false, activationEvent: 'onStartupFinished'
2025-02-12 23:30:33.365 [info] ExtensionService#_doActivateExtension vadimcn.vscode-lldb, startup: false, activationEvent: 'onStartupFinished'
2025-02-12 23:30:33.375 [error] Failed to load translations for alefragnani.Bookmarks from file:///home/yuki/.vscode-oss/extensions/alefragnani.bookmarks-13.5.0/l10n/bundle.l10n.zh-cn.json: 无法读取文件'/home/yuki/.vscode-oss/extensions/alefragnani.bookmarks-13.5.0/l10n/bundle.l10n.zh-cn.json' (Error: 无法解析不存在的文件 '/home/yuki/.vscode-oss/extensions/alefragnani.bookmarks-13.5.0/l10n/bundle.l10n.zh-cn.json')
2025-02-12 23:30:33.382 [warning] Using default string since no string found in i18n bundle that has the key: Support
2025-02-12 23:30:33.475 [info] ExtensionService#_doActivateExtension vscode.configuration-editing, startup: false, activationEvent: 'onLanguage:jsonc'
2025-02-12 23:30:33.475 [info] ExtensionService#_doActivateExtension vscode.json-language-features, startup: false, activationEvent: 'onLanguage:jsonc'
2025-02-12 23:30:33.476 [info] ExtensionService#_doActivateExtension vscode.typescript-language-features, startup: false, activationEvent: 'onLanguage:jsonc'
2025-02-12 23:30:33.476 [info] ExtensionService#_doActivateExtension vscode.emmet, startup: false, activationEvent: 'onLanguage'
2025-02-12 23:31:17.219 [info] ExtensionService#_doActivateExtension illixion.vscode-vibrancy-continued, startup: false, activationEvent: '*'
2025-02-12 23:34:10.762 [info] ExtensionService#_doActivateExtension ms-python.python, startup: false, activationEvent: 'onWalkthrough:pythonWelcome'
2025-02-12 23:34:10.991 [info] ExtensionService#_doActivateExtension ms-python.vscode-pylance, startup: false, activationEvent: 'api', root cause: ms-python.python
2025-02-12 23:35:41.592 [info] Extension host terminating: renderer closed the MessagePort
2025-02-12 23:35:41.593 [info] Extension host terminating: renderer closed the MessagePort
2025-02-12 23:35:41.594 [info] Extension host with pid 20498 exiting with code 0
2025-02-12 23:35:41.601 [info] Extension host with pid 20482 exiting with code 0
