2025-02-14 22:38:01.316 [warning] Via 'product.json#extensionEnabledApiProposals' extension 'ms-vscode.vscode-selfhost-test-provider' wants API proposal 'attributableCoverage' but that proposal DOES NOT EXIST. Likely, the proposal has been finalized (check 'vscode.d.ts') or was abandoned.
2025-02-14 22:38:01.316 [warning] Via 'product.json#extensionEnabledApiProposals' extension 'ms-python.python' wants API proposal 'contribIssueReporter' but that proposal DOES NOT EXIST. Likely, the proposal has been finalized (check 'vscode.d.ts') or was abandoned.
2025-02-14 22:38:01.316 [warning] Via 'product.json#extensionEnabledApiProposals' extension 'ms-python.debugpy' wants API proposal 'contribIssueReporter' but that proposal DOES NOT EXIST. Likely, the proposal has been finalized (check 'vscode.d.ts') or was abandoned.
2025-02-14 22:38:01.316 [warning] Via 'product.json#extensionEnabledApiProposals' extension 'redhat.java' wants API proposal 'documentPaste' but that proposal DOES NOT EXIST. Likely, the proposal has been finalized (check 'vscode.d.ts') or was abandoned.
2025-02-14 22:38:01.504 [info] Started local extension host with pid 13163.
2025-02-14 22:38:01.608 [info] Placing extension(s) vscodevim.vim on a separate extension host.
2025-02-14 22:38:01.686 [info] Started local extension host with pid 13193.
2025-02-14 22:38:03.398 [warning] Authentication provider codeium_auth was not declared in the Extension Manifest.
2025-02-14 22:38:03.971 [error] Error while getting the latest version for the extension alefragnani.bookmarks. Cannot read properties of undefined (reading 'replace')
2025-02-14 22:38:03.971 [error] Error while getting the latest version for the extension be5invis.vscode-custom-css. Cannot read properties of undefined (reading 'replace')
2025-02-14 22:38:03.971 [error] Error while getting the latest version for the extension brandonkirbyson.vscode-animations. Cannot read properties of undefined (reading 'replace')
2025-02-14 22:38:03.972 [error] Error while getting the latest version for the extension catppuccin.catppuccin-vsc. Cannot read properties of undefined (reading 'replace')
2025-02-14 22:38:03.972 [error] Error while getting the latest version for the extension catppuccin.catppuccin-vsc-icons. Cannot read properties of undefined (reading 'replace')
2025-02-14 22:38:03.972 [error] Error while getting the latest version for the extension catppuccin.catppuccin-vsc-pack. Cannot read properties of undefined (reading 'replace')
2025-02-14 22:38:03.972 [error] Error while getting the latest version for the extension codeium.codeium. Cannot read properties of undefined (reading 'replace')
2025-02-14 22:38:03.972 [error] Error while getting the latest version for the extension llvm-vs-code-extensions.vscode-clangd. Cannot read properties of undefined (reading 'replace')
2025-02-14 22:38:03.972 [error] Error while getting the latest version for the extension ms-ceintl.vscode-language-pack-zh-hans. Cannot read properties of undefined (reading 'replace')
2025-02-14 22:38:03.972 [error] Error while getting the latest version for the extension ms-python.debugpy. Cannot read properties of undefined (reading 'replace')
2025-02-14 22:38:03.972 [error] Error while getting the latest version for the extension ms-python.python. Cannot read properties of undefined (reading 'replace')
2025-02-14 22:38:03.972 [error] Error while getting the latest version for the extension ms-python.vscode-pylance. Cannot read properties of undefined (reading 'replace')
2025-02-14 22:38:03.972 [error] Error while getting the latest version for the extension rust-lang.rust. Cannot read properties of undefined (reading 'replace')
2025-02-14 22:38:03.972 [error] Error while getting the latest version for the extension vadimcn.vscode-lldb. Cannot read properties of undefined (reading 'replace')
2025-02-14 22:38:03.972 [error] Error while getting the latest version for the extension visualstudioexptteam.intellicode-api-usage-examples. Cannot read properties of undefined (reading 'replace')
2025-02-14 22:38:03.972 [error] Error while getting the latest version for the extension visualstudioexptteam.vscodeintellicode. Cannot read properties of undefined (reading 'replace')
2025-02-14 22:38:03.972 [error] Error while getting the latest version for the extension vscjava.vscode-gradle. Cannot read properties of undefined (reading 'replace')
2025-02-14 22:38:03.972 [error] Error while getting the latest version for the extension vscjava.vscode-java-debug. Cannot read properties of undefined (reading 'replace')
2025-02-14 22:38:03.972 [error] Error while getting the latest version for the extension vscjava.vscode-java-dependency. Cannot read properties of undefined (reading 'replace')
2025-02-14 22:38:03.972 [error] Error while getting the latest version for the extension vscjava.vscode-java-pack. Cannot read properties of undefined (reading 'replace')
2025-02-14 22:38:03.972 [error] Error while getting the latest version for the extension vscjava.vscode-maven. Cannot read properties of undefined (reading 'replace')
2025-02-14 22:38:03.972 [error] Error while getting the latest version for the extension vscodevim.vim. Cannot read properties of undefined (reading 'replace')
2025-02-14 22:38:04.172 [info] [perf] Render performance baseline is 10ms
2025-02-14 22:38:24.126 [warning] Settings pattern "issueReporter.*" doesn't match any settings
2025-02-14 22:38:25.583 [warning] Settings pattern "issueReporter.*" doesn't match any settings
