2025-02-15 17:46:27.220 [warning] Via 'product.json#extensionEnabledApiProposals' extension 'ms-vscode.vscode-selfhost-test-provider' wants API proposal 'attributableCoverage' but that proposal DOES NOT EXIST. Likely, the proposal has been finalized (check 'vscode.d.ts') or was abandoned.
2025-02-15 17:46:27.228 [warning] Via 'product.json#extensionEnabledApiProposals' extension 'ms-python.python' wants API proposal 'contribIssueReporter' but that proposal DOES NOT EXIST. Likely, the proposal has been finalized (check 'vscode.d.ts') or was abandoned.
2025-02-15 17:46:27.228 [warning] Via 'product.json#extensionEnabledApiProposals' extension 'ms-python.debugpy' wants API proposal 'contribIssueReporter' but that proposal DOES NOT EXIST. Likely, the proposal has been finalized (check 'vscode.d.ts') or was abandoned.
2025-02-15 17:46:27.228 [warning] Via 'product.json#extensionEnabledApiProposals' extension 'redhat.java' wants API proposal 'documentPaste' but that proposal DOES NOT EXIST. Likely, the proposal has been finalized (check 'vscode.d.ts') or was abandoned.
2025-02-15 17:46:27.441 [warning] Settings pattern "issueReporter.*" doesn't match any settings
2025-02-15 17:46:27.478 [info] Started local extension host with pid 77534.
2025-02-15 17:46:27.626 [info] Placing extension(s) vscodevim.vim on a separate extension host.
2025-02-15 17:46:27.665 [error] TreeError [SettingsTree] Tree element not found: [object Object]: Error: TreeError [SettingsTree] Tree element not found: [object Object]
    at dms.getElementLocation (vscode-file://vscode-app/usr/share/vscodium/resources/app/out/vs/workbench/workbench.desktop.main.js:412:10066)
    at dms.rerender (vscode-file://vscode-app/usr/share/vscodium/resources/app/out/vs/workbench/workbench.desktop.main.js:412:8165)
    at nze.rerender (vscode-file://vscode-app/usr/share/vscodium/resources/app/out/vs/workbench/workbench.desktop.main.js:412:17945)
    at $b.refreshSingleElement (vscode-file://vscode-app/usr/share/vscodium/resources/app/out/vs/workbench/workbench.desktop.main.js:1326:68220)
    at $b.renderTree (vscode-file://vscode-app/usr/share/vscodium/resources/app/out/vs/workbench/workbench.desktop.main.js:1326:68004)
    at vscode-file://vscode-app/usr/share/vscodium/resources/app/out/vs/workbench/workbench.desktop.main.js:1326:67077
    at Set.forEach (<anonymous>)
    at $b.updateElementsByKey (vscode-file://vscode-app/usr/share/vscodium/resources/app/out/vs/workbench/workbench.desktop.main.js:1326:67061)
    at vte.value (vscode-file://vscode-app/usr/share/vscodium/resources/app/out/vs/workbench/workbench.desktop.main.js:1326:44676)
    at E._deliver (vscode-file://vscode-app/usr/share/vscodium/resources/app/out/vs/workbench/workbench.desktop.main.js:29:2956)
2025-02-15 17:46:27.753 [info] Started local extension host with pid 77555.
2025-02-15 17:46:28.211 [warning] Settings pattern "issueReporter.*" doesn't match any settings
2025-02-15 17:46:30.105 [warning] Settings pattern "issueReporter.*" doesn't match any settings
2025-02-15 17:46:31.794 [warning] Authentication provider codeium_auth was not declared in the Extension Manifest.
2025-02-15 17:46:31.941 [error] Error while getting the latest version for the extension alefragnani.bookmarks. Cannot read properties of undefined (reading 'replace')
2025-02-15 17:46:31.941 [error] Error while getting the latest version for the extension be5invis.vscode-custom-css. Cannot read properties of undefined (reading 'replace')
2025-02-15 17:46:31.941 [error] Error while getting the latest version for the extension brandonkirbyson.vscode-animations. Cannot read properties of undefined (reading 'replace')
2025-02-15 17:46:31.941 [error] Error while getting the latest version for the extension catppuccin.catppuccin-vsc. Cannot read properties of undefined (reading 'replace')
2025-02-15 17:46:31.942 [error] Error while getting the latest version for the extension catppuccin.catppuccin-vsc-icons. Cannot read properties of undefined (reading 'replace')
2025-02-15 17:46:31.942 [error] Error while getting the latest version for the extension catppuccin.catppuccin-vsc-pack. Cannot read properties of undefined (reading 'replace')
2025-02-15 17:46:31.942 [error] Error while getting the latest version for the extension codeium.codeium. Cannot read properties of undefined (reading 'replace')
2025-02-15 17:46:31.942 [error] Error while getting the latest version for the extension llvm-vs-code-extensions.vscode-clangd. Cannot read properties of undefined (reading 'replace')
2025-02-15 17:46:31.942 [error] Error while getting the latest version for the extension ms-ceintl.vscode-language-pack-zh-hans. Cannot read properties of undefined (reading 'replace')
2025-02-15 17:46:31.942 [error] Error while getting the latest version for the extension ms-python.debugpy. Cannot read properties of undefined (reading 'replace')
2025-02-15 17:46:31.942 [error] Error while getting the latest version for the extension ms-python.python. Cannot read properties of undefined (reading 'replace')
2025-02-15 17:46:31.942 [error] Error while getting the latest version for the extension ms-python.vscode-pylance. Cannot read properties of undefined (reading 'replace')
2025-02-15 17:46:31.942 [error] Error while getting the latest version for the extension rust-lang.rust. Cannot read properties of undefined (reading 'replace')
2025-02-15 17:46:31.942 [error] Error while getting the latest version for the extension vadimcn.vscode-lldb. Cannot read properties of undefined (reading 'replace')
2025-02-15 17:46:31.942 [error] Error while getting the latest version for the extension visualstudioexptteam.intellicode-api-usage-examples. Cannot read properties of undefined (reading 'replace')
2025-02-15 17:46:31.942 [error] Error while getting the latest version for the extension visualstudioexptteam.vscodeintellicode. Cannot read properties of undefined (reading 'replace')
2025-02-15 17:46:31.942 [error] Error while getting the latest version for the extension vscjava.vscode-gradle. Cannot read properties of undefined (reading 'replace')
2025-02-15 17:46:31.942 [error] Error while getting the latest version for the extension vscjava.vscode-java-debug. Cannot read properties of undefined (reading 'replace')
2025-02-15 17:46:31.942 [error] Error while getting the latest version for the extension vscjava.vscode-java-dependency. Cannot read properties of undefined (reading 'replace')
2025-02-15 17:46:31.942 [error] Error while getting the latest version for the extension vscjava.vscode-java-pack. Cannot read properties of undefined (reading 'replace')
2025-02-15 17:46:31.943 [error] Error while getting the latest version for the extension vscjava.vscode-maven. Cannot read properties of undefined (reading 'replace')
2025-02-15 17:46:31.943 [error] Error while getting the latest version for the extension vscodevim.vim. Cannot read properties of undefined (reading 'replace')
2025-02-15 17:46:32.428 [info] [perf] Render performance baseline is 12ms
2025-02-15 17:46:32.498 [warning] Settings pattern "issueReporter.*" doesn't match any settings
