2025-02-15 17:46:27.750 [info] Extension host with pid 77534 started
2025-02-15 17:46:27.781 [info] ExtensionService#_doActivateExtension vscode.emmet, startup: false, activationEvent: 'onLanguage'
2025-02-15 17:46:27.973 [info] Extension host with pid 77555 started
2025-02-15 17:46:27.978 [info] Eager extensions activated
2025-02-15 17:46:27.978 [info] ExtensionService#_doActivateExtension vscodevim.vim, startup: false, activationEvent: 'onStartupFinished'
2025-02-15 17:46:28.771 [info] ExtensionService#_doActivateExtension vscode.git-base, startup: true, activationEvent: '*', root cause: vscode.git
2025-02-15 17:46:28.771 [info] ExtensionService#_doActivateExtension be5invis.vscode-custom-css, startup: true, activationEvent: '*'
2025-02-15 17:46:29.460 [info] ExtensionService#_doActivateExtension vscode.git, startup: true, activationEvent: '*'
2025-02-15 17:46:29.460 [info] ExtensionService#_doActivateExtension vscode.github, startup: true, activationEvent: '*'
2025-02-15 17:46:29.537 [info] Eager extensions activated
2025-02-15 17:46:29.555 [info] ExtensionService#_doActivateExtension vscode.debug-auto-launch, startup: false, activationEvent: 'onStartupFinished'
2025-02-15 17:46:29.555 [info] ExtensionService#_doActivateExtension vscode.merge-conflict, startup: false, activationEvent: 'onStartupFinished'
2025-02-15 17:46:29.555 [info] ExtensionService#_doActivateExtension alefragnani.Bookmarks, startup: false, activationEvent: 'onStartupFinished'
2025-02-15 17:46:29.555 [info] ExtensionService#_doActivateExtension BrandonKirbyson.vscode-animations, startup: false, activationEvent: 'onStartupFinished'
2025-02-15 17:46:29.559 [info] ExtensionService#_doActivateExtension Catppuccin.catppuccin-vsc, startup: false, activationEvent: 'onStartupFinished'
2025-02-15 17:46:29.563 [info] ExtensionService#_doActivateExtension Catppuccin.catppuccin-vsc-icons, startup: false, activationEvent: 'onStartupFinished'
2025-02-15 17:46:29.607 [info] ExtensionService#_doActivateExtension Codeium.codeium, startup: false, activationEvent: 'onStartupFinished'
2025-02-15 17:46:29.852 [info] ExtensionService#_doActivateExtension vadimcn.vscode-lldb, startup: false, activationEvent: 'onStartupFinished'
2025-02-15 17:46:29.866 [error] Failed to load translations for alefragnani.Bookmarks from file:///home/yuki/.vscode-oss/extensions/alefragnani.bookmarks-13.5.0/l10n/bundle.l10n.zh-cn.json: 无法读取文件'/home/yuki/.vscode-oss/extensions/alefragnani.bookmarks-13.5.0/l10n/bundle.l10n.zh-cn.json' (Error: 无法解析不存在的文件 '/home/yuki/.vscode-oss/extensions/alefragnani.bookmarks-13.5.0/l10n/bundle.l10n.zh-cn.json')
2025-02-15 17:46:29.874 [warning] Using default string since no string found in i18n bundle that has the key: Support
2025-02-15 17:46:29.952 [info] ExtensionService#_doActivateExtension vscode.configuration-editing, startup: false, activationEvent: 'onLanguage:jsonc'
2025-02-15 17:46:29.953 [info] ExtensionService#_doActivateExtension vscode.json-language-features, startup: false, activationEvent: 'onLanguage:jsonc'
2025-02-15 17:46:29.953 [info] ExtensionService#_doActivateExtension vscode.typescript-language-features, startup: false, activationEvent: 'onLanguage:jsonc'
2025-02-15 17:46:36.449 [info] Extension host terminating: renderer closed the MessagePort
2025-02-15 17:46:36.451 [info] Extension host terminating: renderer closed the MessagePort
2025-02-15 17:46:36.451 [info] Extension host with pid 77555 exiting with code 0
2025-02-15 17:46:36.458 [info] Extension host with pid 77534 exiting with code 0
