2025-02-12 23:35:43.033 [info] Extension host with pid 27736 started
2025-02-12 23:35:43.046 [info] ExtensionService#_doActivateExtension vscode.emmet, startup: false, activationEvent: 'onLanguage'
2025-02-12 23:35:43.206 [info] Extension host with pid 27752 started
2025-02-12 23:35:43.209 [info] Eager extensions activated
2025-02-12 23:35:43.210 [info] ExtensionService#_doActivateExtension vscodevim.vim, startup: false, activationEvent: 'onStartupFinished'
2025-02-12 23:35:44.040 [info] ExtensionService#_doActivateExtension vscode.git-base, startup: true, activationEvent: '*', root cause: vscode.git
2025-02-12 23:35:44.041 [info] ExtensionService#_doActivateExtension be5invis.vscode-custom-css, startup: true, activationEvent: '*'
2025-02-12 23:35:44.752 [info] ExtensionService#_doActivateExtension vscode.git, startup: true, activationEvent: '*'
2025-02-12 23:35:44.753 [info] ExtensionService#_doActivateExtension vscode.github, startup: true, activationEvent: '*'
2025-02-12 23:35:44.832 [info] Eager extensions activated
2025-02-12 23:35:44.846 [info] ExtensionService#_doActivateExtension vscode.debug-auto-launch, startup: false, activationEvent: 'onStartupFinished'
2025-02-12 23:35:44.846 [info] ExtensionService#_doActivateExtension vscode.merge-conflict, startup: false, activationEvent: 'onStartupFinished'
2025-02-12 23:35:44.846 [info] ExtensionService#_doActivateExtension alefragnani.Bookmarks, startup: false, activationEvent: 'onStartupFinished'
2025-02-12 23:35:44.846 [info] ExtensionService#_doActivateExtension BrandonKirbyson.vscode-animations, startup: false, activationEvent: 'onStartupFinished'
2025-02-12 23:35:44.848 [info] ExtensionService#_doActivateExtension Catppuccin.catppuccin-vsc, startup: false, activationEvent: 'onStartupFinished'
2025-02-12 23:35:44.851 [info] ExtensionService#_doActivateExtension Catppuccin.catppuccin-vsc-icons, startup: false, activationEvent: 'onStartupFinished'
2025-02-12 23:35:44.894 [info] ExtensionService#_doActivateExtension Codeium.codeium, startup: false, activationEvent: 'onStartupFinished'
2025-02-12 23:35:45.128 [info] ExtensionService#_doActivateExtension vadimcn.vscode-lldb, startup: false, activationEvent: 'onStartupFinished'
2025-02-12 23:35:45.140 [error] Failed to load translations for alefragnani.Bookmarks from file:///home/yuki/.vscode-oss/extensions/alefragnani.bookmarks-13.5.0/l10n/bundle.l10n.zh-cn.json: 无法读取文件'/home/yuki/.vscode-oss/extensions/alefragnani.bookmarks-13.5.0/l10n/bundle.l10n.zh-cn.json' (Error: 无法解析不存在的文件 '/home/yuki/.vscode-oss/extensions/alefragnani.bookmarks-13.5.0/l10n/bundle.l10n.zh-cn.json')
2025-02-12 23:35:45.147 [warning] Using default string since no string found in i18n bundle that has the key: Support
2025-02-12 23:35:45.234 [info] ExtensionService#_doActivateExtension vscode.configuration-editing, startup: false, activationEvent: 'onLanguage:jsonc'
2025-02-12 23:35:45.234 [info] ExtensionService#_doActivateExtension vscode.json-language-features, startup: false, activationEvent: 'onLanguage:jsonc'
2025-02-12 23:35:45.234 [info] ExtensionService#_doActivateExtension vscode.typescript-language-features, startup: false, activationEvent: 'onLanguage:jsonc'
2025-02-12 23:35:58.531 [info] Extension host terminating: renderer closed the MessagePort
2025-02-12 23:35:58.532 [info] Extension host terminating: renderer closed the MessagePort
2025-02-12 23:35:58.532 [info] Extension host with pid 27752 exiting with code 0
2025-02-12 23:35:58.538 [info] Extension host with pid 27736 exiting with code 0
