2025-02-16 14:53:07.207 [warning] Via 'product.json#extensionEnabledApiProposals' extension 'ms-vscode.vscode-selfhost-test-provider' wants API proposal 'attributableCoverage' but that proposal DOES NOT EXIST. Likely, the proposal has been finalized (check 'vscode.d.ts') or was abandoned.
2025-02-16 14:53:07.208 [warning] Via 'product.json#extensionEnabledApiProposals' extension 'ms-python.python' wants API proposal 'contribIssueReporter' but that proposal DOES NOT EXIST. Likely, the proposal has been finalized (check 'vscode.d.ts') or was abandoned.
2025-02-16 14:53:07.208 [warning] Via 'product.json#extensionEnabledApiProposals' extension 'ms-python.debugpy' wants API proposal 'contribIssueReporter' but that proposal DOES NOT EXIST. Likely, the proposal has been finalized (check 'vscode.d.ts') or was abandoned.
2025-02-16 14:53:07.208 [warning] Via 'product.json#extensionEnabledApiProposals' extension 'redhat.java' wants API proposal 'documentPaste' but that proposal DOES NOT EXIST. Likely, the proposal has been finalized (check 'vscode.d.ts') or was abandoned.
2025-02-16 14:53:07.378 [warning] Settings pattern "issueReporter.*" doesn't match any settings
2025-02-16 14:53:07.433 [info] Started local extension host with pid 102699.
2025-02-16 14:53:07.534 [error] TreeError [SettingsTree] Tree element not found: [object Object]: Error: TreeError [SettingsTree] Tree element not found: [object Object]
    at dms.getElementLocation (vscode-file://vscode-app/usr/share/vscodium/resources/app/out/vs/workbench/workbench.desktop.main.js:412:10066)
    at dms.rerender (vscode-file://vscode-app/usr/share/vscodium/resources/app/out/vs/workbench/workbench.desktop.main.js:412:8165)
    at nze.rerender (vscode-file://vscode-app/usr/share/vscodium/resources/app/out/vs/workbench/workbench.desktop.main.js:412:17945)
    at $b.refreshSingleElement (vscode-file://vscode-app/usr/share/vscodium/resources/app/out/vs/workbench/workbench.desktop.main.js:1326:68220)
    at $b.renderTree (vscode-file://vscode-app/usr/share/vscodium/resources/app/out/vs/workbench/workbench.desktop.main.js:1326:68004)
    at vscode-file://vscode-app/usr/share/vscodium/resources/app/out/vs/workbench/workbench.desktop.main.js:1326:67077
    at Set.forEach (<anonymous>)
    at $b.updateElementsByKey (vscode-file://vscode-app/usr/share/vscodium/resources/app/out/vs/workbench/workbench.desktop.main.js:1326:67061)
    at vte.value (vscode-file://vscode-app/usr/share/vscodium/resources/app/out/vs/workbench/workbench.desktop.main.js:1326:44676)
    at E._deliver (vscode-file://vscode-app/usr/share/vscodium/resources/app/out/vs/workbench/workbench.desktop.main.js:29:2956)
2025-02-16 14:53:08.334 [warning] Settings pattern "issueReporter.*" doesn't match any settings
2025-02-16 14:53:09.951 [warning] Settings pattern "issueReporter.*" doesn't match any settings
2025-02-16 14:53:12.033 [info] [perf] Render performance baseline is 11ms
2025-02-16 14:53:12.401 [warning] Settings pattern "issueReporter.*" doesn't match any settings
