2025-02-12 23:34:10.906 [info] Telemetry level is off
2025-02-12 23:34:10.906 [info] Experiments are disabled, only manually opted experiments are active.
2025-02-12 23:34:10.906 [info] Starting Environment refresh
2025-02-12 23:34:10.906 [info] Searching for interpreters in posix paths locator
2025-02-12 23:34:10.906 [info] Searching for pyenv environments
2025-02-12 23:34:10.906 [info] Searching for conda environments
2025-02-12 23:34:10.906 [info] Searching for global virtual environments
2025-02-12 23:34:10.906 [info] Searching for custom virtual environments
2025-02-12 23:34:10.906 [info] pyenv is not installed
2025-02-12 23:34:10.906 [info] Finished searching for pyenv environments: 9 milliseconds
2025-02-12 23:34:10.906 [info] Finished searching for custom virtual envs: 8 milliseconds
2025-02-12 23:34:10.906 [info] > conda info --json
2025-02-12 23:34:10.906 [info] Finished searching for global virtual envs: 19 milliseconds
2025-02-12 23:34:10.906 [info] Found: /bin/python --> /bin/python3.13
2025-02-12 23:34:10.907 [info] Found: /bin/python3 --> /bin/python3.13
2025-02-12 23:34:10.907 [info] Found: /bin/python3.13 --> /bin/python3.13
2025-02-12 23:34:10.916 [info] Found: /sbin/python --> /sbin/python3.13
2025-02-12 23:34:10.916 [info] Found: /sbin/python3 --> /sbin/python3.13
2025-02-12 23:34:10.916 [info] Found: /sbin/python3.13 --> /sbin/python3.13
2025-02-12 23:34:10.919 [info] Found: /usr/bin/python --> /usr/bin/python3.13
2025-02-12 23:34:10.919 [info] Found: /usr/bin/python3 --> /usr/bin/python3.13
2025-02-12 23:34:10.919 [info] Found: /usr/bin/python3.13 --> /usr/bin/python3.13
2025-02-12 23:34:10.929 [info] Found: /usr/sbin/python --> /usr/sbin/python3.13
2025-02-12 23:34:10.929 [info] Found: /usr/sbin/python3 --> /usr/sbin/python3.13
2025-02-12 23:34:10.929 [info] Found: /usr/sbin/python3.13 --> /usr/sbin/python3.13
2025-02-12 23:34:10.938 [info] > /bin/python -I ~/.vscode-oss/extensions/ms-python.python-2025.0.0-linux-x64/python_files/get_output_via_markers.py ~/.vscode-oss/extensions/ms-python.python-2025.0.0-linux-x64/python_files/interpreterInfo.py
2025-02-12 23:34:10.944 [info] > /sbin/python -I ~/.vscode-oss/extensions/ms-python.python-2025.0.0-linux-x64/python_files/get_output_via_markers.py ~/.vscode-oss/extensions/ms-python.python-2025.0.0-linux-x64/python_files/interpreterInfo.py
2025-02-12 23:34:10.947 [info] Finished searching for interpreters in posix paths locator: 66 milliseconds
2025-02-12 23:34:10.949 [info] Environments refresh paths discovered (event): 69 milliseconds
2025-02-12 23:34:10.949 [info] Environments refresh paths discovered: 69 milliseconds
2025-02-12 23:34:10.958 [info] > /usr/bin/python -I ~/.vscode-oss/extensions/ms-python.python-2025.0.0-linux-x64/python_files/get_output_via_markers.py ~/.vscode-oss/extensions/ms-python.python-2025.0.0-linux-x64/python_files/interpreterInfo.py
2025-02-12 23:34:10.964 [info] > /usr/sbin/python -I ~/.vscode-oss/extensions/ms-python.python-2025.0.0-linux-x64/python_files/get_output_via_markers.py ~/.vscode-oss/extensions/ms-python.python-2025.0.0-linux-x64/python_files/interpreterInfo.py
2025-02-12 23:34:10.980 [info] Environments refresh finished (event): 100 milliseconds
2025-02-12 23:34:10.984 [info] Environment refresh took 103 milliseconds
2025-02-12 23:34:10.986 [info] Python 解释器路径: /bin/python
2025-02-12 23:34:11.171 [info] 正在启动 Pylance 语言服务器。
