2025-02-14 22:37:24.226 [info] Extension host with pid 12625 started
2025-02-14 22:37:24.246 [info] ExtensionService#_doActivateExtension vscode.emmet, startup: false, activationEvent: 'onLanguage'
2025-02-14 22:37:24.389 [info] Extension host with pid 12641 started
2025-02-14 22:37:24.393 [info] Eager extensions activated
2025-02-14 22:37:24.393 [info] ExtensionService#_doActivateExtension vscodevim.vim, startup: false, activationEvent: 'onStartupFinished'
2025-02-14 22:37:25.240 [info] ExtensionService#_doActivateExtension vscode.git-base, startup: true, activationEvent: '*', root cause: vscode.git
2025-02-14 22:37:25.240 [info] ExtensionService#_doActivateExtension be5invis.vscode-custom-css, startup: true, activationEvent: '*'
2025-02-14 22:37:25.923 [info] ExtensionService#_doActivateExtension vscode.git, startup: true, activationEvent: '*'
2025-02-14 22:37:25.923 [info] ExtensionService#_doActivateExtension vscode.github, startup: true, activationEvent: '*'
2025-02-14 22:37:26.013 [info] Eager extensions activated
2025-02-14 22:37:26.019 [info] ExtensionService#_doActivateExtension vscode.debug-auto-launch, startup: false, activationEvent: 'onStartupFinished'
2025-02-14 22:37:26.019 [info] ExtensionService#_doActivateExtension vscode.merge-conflict, startup: false, activationEvent: 'onStartupFinished'
2025-02-14 22:37:26.019 [info] ExtensionService#_doActivateExtension alefragnani.Bookmarks, startup: false, activationEvent: 'onStartupFinished'
2025-02-14 22:37:26.019 [info] ExtensionService#_doActivateExtension BrandonKirbyson.vscode-animations, startup: false, activationEvent: 'onStartupFinished'
2025-02-14 22:37:26.026 [info] ExtensionService#_doActivateExtension Catppuccin.catppuccin-vsc, startup: false, activationEvent: 'onStartupFinished'
2025-02-14 22:37:26.030 [info] ExtensionService#_doActivateExtension Catppuccin.catppuccin-vsc-icons, startup: false, activationEvent: 'onStartupFinished'
2025-02-14 22:37:26.071 [info] ExtensionService#_doActivateExtension Codeium.codeium, startup: false, activationEvent: 'onStartupFinished'
2025-02-14 22:37:26.320 [info] ExtensionService#_doActivateExtension vadimcn.vscode-lldb, startup: false, activationEvent: 'onStartupFinished'
2025-02-14 22:37:26.339 [error] Failed to load translations for alefragnani.Bookmarks from file:///home/yuki/.vscode-oss/extensions/alefragnani.bookmarks-13.5.0/l10n/bundle.l10n.zh-cn.json: 无法读取文件'/home/yuki/.vscode-oss/extensions/alefragnani.bookmarks-13.5.0/l10n/bundle.l10n.zh-cn.json' (Error: 无法解析不存在的文件 '/home/yuki/.vscode-oss/extensions/alefragnani.bookmarks-13.5.0/l10n/bundle.l10n.zh-cn.json')
2025-02-14 22:37:26.346 [warning] Using default string since no string found in i18n bundle that has the key: Support
2025-02-14 22:37:26.432 [info] ExtensionService#_doActivateExtension vscode.configuration-editing, startup: false, activationEvent: 'onLanguage:jsonc'
2025-02-14 22:37:26.432 [info] ExtensionService#_doActivateExtension vscode.json-language-features, startup: false, activationEvent: 'onLanguage:jsonc'
2025-02-14 22:37:26.432 [info] ExtensionService#_doActivateExtension vscode.typescript-language-features, startup: false, activationEvent: 'onLanguage:jsonc'
2025-02-14 22:37:40.671 [info] Extension host terminating: renderer closed the MessagePort
2025-02-14 22:37:40.672 [info] Extension host terminating: renderer closed the MessagePort
2025-02-14 22:37:40.672 [info] Extension host with pid 12641 exiting with code 0
2025-02-14 22:37:40.677 [info] Extension host with pid 12625 exiting with code 0
2025-02-14 22:37:40.930 [info] Extension host with pid 12792 started
2025-02-14 22:37:40.935 [info] ExtensionService#_doActivateExtension vscode.emmet, startup: false, activationEvent: 'onLanguage'
2025-02-14 22:37:40.936 [info] ExtensionService#_doActivateExtension vscode.configuration-editing, startup: false, activationEvent: 'onLanguage:jsonc'
2025-02-14 22:37:40.936 [info] ExtensionService#_doActivateExtension vscode.json-language-features, startup: false, activationEvent: 'onLanguage:jsonc'
2025-02-14 22:37:40.936 [info] ExtensionService#_doActivateExtension vscode.typescript-language-features, startup: false, activationEvent: 'onLanguage:jsonc'
2025-02-14 22:37:40.937 [info] Extension host with pid 12793 started
2025-02-14 22:37:40.940 [info] Eager extensions activated
2025-02-14 22:37:40.940 [info] ExtensionService#_doActivateExtension vscodevim.vim, startup: false, activationEvent: 'onStartupFinished'
2025-02-14 22:37:41.113 [info] ExtensionService#_doActivateExtension vscode.git-base, startup: true, activationEvent: '*', root cause: vscode.git
2025-02-14 22:37:41.113 [info] ExtensionService#_doActivateExtension be5invis.vscode-custom-css, startup: true, activationEvent: '*'
2025-02-14 22:37:41.124 [info] ExtensionService#_doActivateExtension vscode.git, startup: true, activationEvent: '*'
2025-02-14 22:37:41.124 [info] ExtensionService#_doActivateExtension vscode.github, startup: true, activationEvent: '*'
2025-02-14 22:37:41.182 [info] Eager extensions activated
2025-02-14 22:37:41.187 [info] ExtensionService#_doActivateExtension vscode.debug-auto-launch, startup: false, activationEvent: 'onStartupFinished'
2025-02-14 22:37:41.188 [info] ExtensionService#_doActivateExtension vscode.merge-conflict, startup: false, activationEvent: 'onStartupFinished'
2025-02-14 22:37:41.188 [info] ExtensionService#_doActivateExtension alefragnani.Bookmarks, startup: false, activationEvent: 'onStartupFinished'
2025-02-14 22:37:41.188 [info] ExtensionService#_doActivateExtension BrandonKirbyson.vscode-animations, startup: false, activationEvent: 'onStartupFinished'
2025-02-14 22:37:41.189 [info] ExtensionService#_doActivateExtension Catppuccin.catppuccin-vsc, startup: false, activationEvent: 'onStartupFinished'
2025-02-14 22:37:41.191 [info] ExtensionService#_doActivateExtension Catppuccin.catppuccin-vsc-icons, startup: false, activationEvent: 'onStartupFinished'
2025-02-14 22:37:41.232 [info] ExtensionService#_doActivateExtension Codeium.codeium, startup: false, activationEvent: 'onStartupFinished'
2025-02-14 22:37:41.451 [info] ExtensionService#_doActivateExtension vadimcn.vscode-lldb, startup: false, activationEvent: 'onStartupFinished'
2025-02-14 22:37:41.460 [error] Failed to load translations for alefragnani.Bookmarks from file:///home/yuki/.vscode-oss/extensions/alefragnani.bookmarks-13.5.0/l10n/bundle.l10n.zh-cn.json: 无法读取文件'/home/yuki/.vscode-oss/extensions/alefragnani.bookmarks-13.5.0/l10n/bundle.l10n.zh-cn.json' (Error: 无法解析不存在的文件 '/home/yuki/.vscode-oss/extensions/alefragnani.bookmarks-13.5.0/l10n/bundle.l10n.zh-cn.json')
2025-02-14 22:37:41.466 [warning] Using default string since no string found in i18n bundle that has the key: Support
2025-02-14 22:38:00.460 [info] Extension host terminating: renderer closed the MessagePort
2025-02-14 22:38:00.461 [info] Extension host terminating: renderer closed the MessagePort
2025-02-14 22:38:00.462 [info] Extension host with pid 12793 exiting with code 0
2025-02-14 22:38:00.467 [info] Extension host with pid 12792 exiting with code 0
