2025-02-12 23:30:32.092 [warning] Via 'product.json#extensionEnabledApiProposals' extension 'ms-vscode.vscode-selfhost-test-provider' wants API proposal 'attributableCoverage' but that proposal DOES NOT EXIST. Likely, the proposal has been finalized (check 'vscode.d.ts') or was abandoned.
2025-02-12 23:30:32.093 [warning] Via 'product.json#extensionEnabledApiProposals' extension 'ms-python.python' wants API proposal 'contribIssueReporter' but that proposal DOES NOT EXIST. Likely, the proposal has been finalized (check 'vscode.d.ts') or was abandoned.
2025-02-12 23:30:32.093 [warning] Via 'product.json#extensionEnabledApiProposals' extension 'ms-python.debugpy' wants API proposal 'contribIssueReporter' but that proposal DOES NOT EXIST. Likely, the proposal has been finalized (check 'vscode.d.ts') or was abandoned.
2025-02-12 23:30:32.093 [warning] Via 'product.json#extensionEnabledApiProposals' extension 'redhat.java' wants API proposal 'documentPaste' but that proposal DOES NOT EXIST. Likely, the proposal has been finalized (check 'vscode.d.ts') or was abandoned.
2025-02-12 23:30:32.283 [info] Started local extension host with pid 20482.
2025-02-12 23:30:32.363 [info] Placing extension(s) vscodevim.vim on a separate extension host.
2025-02-12 23:30:32.456 [info] Started local extension host with pid 20498.
2025-02-12 23:30:34.482 [warning] Authentication provider codeium_auth was not declared in the Extension Manifest.
2025-02-12 23:30:35.289 [error] Error while getting the latest version for the extension alefragnani.bookmarks. Cannot read properties of undefined (reading 'replace')
2025-02-12 23:30:35.289 [error] Error while getting the latest version for the extension be5invis.vscode-custom-css. Cannot read properties of undefined (reading 'replace')
2025-02-12 23:30:35.290 [error] Error while getting the latest version for the extension brandonkirbyson.vscode-animations. Cannot read properties of undefined (reading 'replace')
2025-02-12 23:30:35.290 [error] Error while getting the latest version for the extension catppuccin.catppuccin-vsc. Cannot read properties of undefined (reading 'replace')
2025-02-12 23:30:35.290 [error] Error while getting the latest version for the extension catppuccin.catppuccin-vsc-icons. Cannot read properties of undefined (reading 'replace')
2025-02-12 23:30:35.290 [error] Error while getting the latest version for the extension catppuccin.catppuccin-vsc-pack. Cannot read properties of undefined (reading 'replace')
2025-02-12 23:30:35.290 [error] Error while getting the latest version for the extension codeium.codeium. Cannot read properties of undefined (reading 'replace')
2025-02-12 23:30:35.290 [error] Error while getting the latest version for the extension llvm-vs-code-extensions.vscode-clangd. Cannot read properties of undefined (reading 'replace')
2025-02-12 23:30:35.290 [error] Error while getting the latest version for the extension ms-ceintl.vscode-language-pack-zh-hans. Cannot read properties of undefined (reading 'replace')
2025-02-12 23:30:35.290 [error] Error while getting the latest version for the extension rust-lang.rust. Cannot read properties of undefined (reading 'replace')
2025-02-12 23:30:35.291 [error] Error while getting the latest version for the extension vadimcn.vscode-lldb. Cannot read properties of undefined (reading 'replace')
2025-02-12 23:30:35.291 [error] Error while getting the latest version for the extension visualstudioexptteam.intellicode-api-usage-examples. Cannot read properties of undefined (reading 'replace')
2025-02-12 23:30:35.291 [error] Error while getting the latest version for the extension visualstudioexptteam.vscodeintellicode. Cannot read properties of undefined (reading 'replace')
2025-02-12 23:30:35.291 [error] Error while getting the latest version for the extension vscjava.vscode-gradle. Cannot read properties of undefined (reading 'replace')
2025-02-12 23:30:35.291 [error] Error while getting the latest version for the extension vscjava.vscode-java-debug. Cannot read properties of undefined (reading 'replace')
2025-02-12 23:30:35.291 [error] Error while getting the latest version for the extension vscjava.vscode-java-dependency. Cannot read properties of undefined (reading 'replace')
2025-02-12 23:30:35.291 [error] Error while getting the latest version for the extension vscjava.vscode-java-pack. Cannot read properties of undefined (reading 'replace')
2025-02-12 23:30:35.291 [error] Error while getting the latest version for the extension vscjava.vscode-maven. Cannot read properties of undefined (reading 'replace')
2025-02-12 23:30:35.291 [error] Error while getting the latest version for the extension vscodevim.vim. Cannot read properties of undefined (reading 'replace')
2025-02-12 23:30:35.625 [info] [perf] Render performance baseline is 12ms
2025-02-12 23:35:12.427 [warning] Settings pattern "issueReporter.*" doesn't match any settings
