(VSCode) 2025-02-14 22:38:02.266 [INFO]: No proxy settings found
(VSCode) 2025-02-14 22:38:03.396 [INFO]: Checking network connection...
(VSCode) 2025-02-14 22:38:04.224 [INFO]: No Network Issue connecting to https://server.codeium.com/healthz
(VSCode) 2025-02-14 22:38:05.814 [INFO]: Creating manager directory: /tmp/adce2b7a-0828-409f-8763-b1a718b73b30/codeium/manager
(VSCode) 2025-02-14 22:38:05.958 [INFO]: Using cached LS with valid crc32: /home/yuki/.vscode-oss/extensions/codeium.codeium-1.34.2/dist/f967d079379dbf4f485c8ce9fce1d4fae1c70ede/language_server_linux_x64
(VSCode) 2025-02-14 22:38:05.962 [INFO]: Language server started
2025/02/14 22:38:05 maxprocs: Leaving GOMAXPROCS=20: CPU quota undefined
I0214 22:38:06.007406 13246 main.go:572] [Language Server Manager] Setting GOMAXPROCS to 20
I0214 22:38:06.007426 13246 main.go:791] [Language Server Manager] Starting language server manager with pid 13246
I0214 22:38:06.007462 13246 main.go:123] [Language Server Manager] Manager acquired its lock file /tmp/adce2b7a-0828-409f-8763-b1a718b73b30/codeium/manager/locks/manager.lock
I0214 22:38:06.007838 13246 main.go:264] [Language Server Manager] Waiting for random port file in /tmp/adce2b7a-0828-409f-8763-b1a718b73b30/codeium/manager/child_random_port_1739543886007546949_1749978338482501826 to be created
2025/02/14 22:38:06 maxprocs: Leaving GOMAXPROCS=20: CPU quota undefined
I0214 22:38:06.050550 13270 main.go:572] Setting GOMAXPROCS to 4
I0214 22:38:06.050617 13270 main.go:785] Starting language server process with pid 13270
I0214 22:38:06.050635 13270 server.go:221] Language server will attempt to listen on host 127.0.0.1
I0214 22:38:06.050698 13270 server.go:228] Language server listening on random port at 40809
I0214 22:38:07.009604 13270 unleash.go:92] Initializing Unleash
I0214 22:38:08.247004 13270 unleash.go:112] Successfully initialized Unleash
I0214 22:38:08.247125 13270 server.go:306] Extension server port not specified; skipping extension server client creation
I0214 22:38:08.254027 13270 web_server.go:258] Chat Web Server listening at ws://127.0.0.1:33097
I0214 22:38:08.259417 13270 server.go:559] Successfully created API server client
I0214 22:38:08.275622 13270 server.go:577] Successfully initialized tokenizer
I0214 22:38:08.303033 13270 server.go:761] Local search is enabled, will index local files.
I0214 22:38:08.303045 13270 server.go:765] Using 4 indexer workers
I0214 22:38:08.306675 13270 server.go:854] Successfully created completion provider
I0214 22:38:08.306690 13270 server.go:905] Child process attempting to acquire lock file /tmp/adce2b7a-0828-409f-8763-b1a718b73b30/codeium/manager/locks/child_lock_1739543886007568375_1136370914695341852
I0214 22:38:08.306711 13270 server.go:913] Child process acquired lock file /tmp/adce2b7a-0828-409f-8763-b1a718b73b30/codeium/manager/locks/child_lock_1739543886007568375_1136370914695341852
I0214 22:38:08.309480 13270 server.go:365] LSP listening on random port at 41177
41177
I0214 22:38:08.313638 13246 main.go:300] [Language Server Manager] Found random server port 40809
I0214 22:38:08.313653 13246 main.go:301] [Language Server Manager] Found random lsp port 41177
I0214 22:38:08.313662 13246 main.go:308] [Language Server Manager] Attempting to connect to language server at 127.0.0.1:40809
I0214 22:38:08.324931 13246 main.go:177] [Language Server Manager] Fixing language server port at 40809
I0214 22:38:08.324943 13246 main.go:360] [Language Server Manager] Successfully connected to new language server at 127.0.0.1:40809
(VSCode) 2025-02-14 22:38:08.369 [INFO]: Found language server running on port 40809
(VSCode) 2025-02-14 22:38:08.788 [INFO]: openAllTextDocuments took 1.6191609999996217ms
(VSCode) 2025-02-14 22:38:47.954 [INFO]: Disposing language server process
(VSCode) 2025-02-14 22:38:47.954 [INFO]: Deleting manager directory: /tmp/adce2b7a-0828-409f-8763-b1a718b73b30/codeium/manager
(VSCode) 2025-02-14 22:38:47.955 [INFO]: Successfully disposed language server
W0214 22:38:47.954689 13246 main.go:127] [Language Server Manager] Got signal terminated, shutting down
