(VSCode) 2025-02-12 23:35:45.151 [INFO]: No proxy settings found
(VSCode) 2025-02-12 23:35:46.254 [INFO]: Checking network connection...
(VSCode) 2025-02-12 23:35:47.039 [INFO]: No Network Issue connecting to https://server.codeium.com/healthz
(VSCode) 2025-02-12 23:35:48.223 [INFO]: Creating manager directory: /tmp/0e4fd533-bfa2-4f62-a22f-bb525009b7fe/codeium/manager
(VSCode) 2025-02-12 23:35:48.373 [INFO]: Using cached LS with valid crc32: /home/yuki/.vscode-oss/extensions/codeium.codeium-1.34.2/dist/f967d079379dbf4f485c8ce9fce1d4fae1c70ede/language_server_linux_x64
(VSCode) 2025-02-12 23:35:48.378 [INFO]: Language server started
2025/02/12 23:35:48 maxprocs: Leaving GOMAXPROCS=20: CPU quota undefined
I0212 23:35:48.427766 27825 main.go:572] [Language Server Manager] Setting GOMAXPROCS to 20
I0212 23:35:48.427788 27825 main.go:791] [Language Server Manager] Starting language server manager with pid 27825
I0212 23:35:48.427827 27825 main.go:123] [Language Server Manager] Manager acquired its lock file /tmp/0e4fd533-bfa2-4f62-a22f-bb525009b7fe/codeium/manager/locks/manager.lock
I0212 23:35:48.428220 27825 main.go:264] [Language Server Manager] Waiting for random port file in /tmp/0e4fd533-bfa2-4f62-a22f-bb525009b7fe/codeium/manager/child_random_port_1739374548427902296_6810627173190553789 to be created
2025/02/12 23:35:48 maxprocs: Leaving GOMAXPROCS=20: CPU quota undefined
I0212 23:35:48.477895 27848 main.go:572] Setting GOMAXPROCS to 4
I0212 23:35:48.477962 27848 main.go:785] Starting language server process with pid 27848
I0212 23:35:48.477979 27848 server.go:221] Language server will attempt to listen on host 127.0.0.1
I0212 23:35:48.478043 27848 server.go:228] Language server listening on random port at 38783
I0212 23:35:49.260173 27848 unleash.go:92] Initializing Unleash
I0212 23:35:50.035235 27848 unleash.go:112] Successfully initialized Unleash
I0212 23:35:50.035348 27848 server.go:306] Extension server port not specified; skipping extension server client creation
I0212 23:35:50.040051 27848 web_server.go:258] Chat Web Server listening at ws://127.0.0.1:36215
I0212 23:35:50.048248 27848 server.go:559] Successfully created API server client
I0212 23:35:50.065120 27848 server.go:577] Successfully initialized tokenizer
I0212 23:35:50.091678 27848 server.go:761] Local search is enabled, will index local files.
I0212 23:35:50.091691 27848 server.go:765] Using 4 indexer workers
I0212 23:35:50.095835 27848 server.go:854] Successfully created completion provider
I0212 23:35:50.095856 27848 server.go:905] Child process attempting to acquire lock file /tmp/0e4fd533-bfa2-4f62-a22f-bb525009b7fe/codeium/manager/locks/child_lock_1739374548427919203_449925064866149369
I0212 23:35:50.095884 27848 server.go:913] Child process acquired lock file /tmp/0e4fd533-bfa2-4f62-a22f-bb525009b7fe/codeium/manager/locks/child_lock_1739374548427919203_449925064866149369
I0212 23:35:50.098838 27848 server.go:365] LSP listening on random port at 41679
41679
I0212 23:35:50.132999 27825 main.go:300] [Language Server Manager] Found random server port 38783
I0212 23:35:50.133018 27825 main.go:301] [Language Server Manager] Found random lsp port 41679
I0212 23:35:50.133026 27825 main.go:308] [Language Server Manager] Attempting to connect to language server at 127.0.0.1:38783
I0212 23:35:50.144344 27825 main.go:177] [Language Server Manager] Fixing language server port at 38783
I0212 23:35:50.144358 27825 main.go:360] [Language Server Manager] Successfully connected to new language server at 127.0.0.1:38783
(VSCode) 2025-02-12 23:35:50.183 [INFO]: Found language server running on port 38783
(VSCode) 2025-02-12 23:35:51.885 [INFO]: openAllTextDocuments took 1.6573580000003858ms
(VSCode) 2025-02-12 23:35:58.536 [INFO]: Disposing language server process
(VSCode) 2025-02-12 23:35:58.536 [INFO]: Deleting manager directory: /tmp/0e4fd533-bfa2-4f62-a22f-bb525009b7fe/codeium/manager
(VSCode) 2025-02-12 23:35:58.536 [INFO]: Successfully disposed language server
W0212 23:35:58.536305 27825 main.go:127] [Language Server Manager] Got signal terminated, shutting down
