(VSCode) 2025-02-12 23:30:33.390 [INFO]: No proxy settings found
(VSCode) 2025-02-12 23:30:34.458 [INFO]: Checking network connection...
(VSCode) 2025-02-12 23:30:35.274 [INFO]: No Network Issue connecting to https://server.codeium.com/healthz
(VSCode) 2025-02-12 23:30:35.330 [INFO]: Creating manager directory: /tmp/260aec8b-280e-427e-9dc6-eafedba07010/codeium/manager
(VSCode) 2025-02-12 23:30:35.474 [INFO]: Using cached LS with valid crc32: /home/yuki/.vscode-oss/extensions/codeium.codeium-1.34.2/dist/f967d079379dbf4f485c8ce9fce1d4fae1c70ede/language_server_linux_x64
(VSCode) 2025-02-12 23:30:35.479 [INFO]: Language server started
2025/02/12 23:30:35 maxprocs: Leaving GOMAXPROCS=20: CPU quota undefined
I0212 23:30:35.524999 20573 main.go:572] [Language Server Manager] Setting GOMAXPROCS to 20
I0212 23:30:35.525019 20573 main.go:791] [Language Server Manager] Starting language server manager with pid 20573
I0212 23:30:35.525057 20573 main.go:123] [Language Server Manager] Manager acquired its lock file /tmp/260aec8b-280e-427e-9dc6-eafedba07010/codeium/manager/locks/manager.lock
I0212 23:30:35.525448 20573 main.go:264] [Language Server Manager] Waiting for random port file in /tmp/260aec8b-280e-427e-9dc6-eafedba07010/codeium/manager/child_random_port_1739374235525105258_5463764626380732268 to be created
2025/02/12 23:30:35 maxprocs: Leaving GOMAXPROCS=20: CPU quota undefined
I0212 23:30:35.570410 20597 main.go:572] Setting GOMAXPROCS to 4
I0212 23:30:35.570478 20597 main.go:785] Starting language server process with pid 20597
I0212 23:30:35.570495 20597 server.go:221] Language server will attempt to listen on host 127.0.0.1
I0212 23:30:35.570567 20597 server.go:228] Language server listening on random port at 35971
I0212 23:30:36.343674 20597 unleash.go:92] Initializing Unleash
I0212 23:30:37.110422 20597 unleash.go:112] Successfully initialized Unleash
I0212 23:30:37.110589 20597 server.go:306] Extension server port not specified; skipping extension server client creation
I0212 23:30:37.117359 20597 web_server.go:258] Chat Web Server listening at ws://127.0.0.1:44689
I0212 23:30:37.123133 20597 server.go:559] Successfully created API server client
I0212 23:30:37.139869 20597 server.go:577] Successfully initialized tokenizer
I0212 23:30:37.168327 20597 server.go:761] Local search is enabled, will index local files.
I0212 23:30:37.168339 20597 server.go:765] Using 4 indexer workers
I0212 23:30:37.171929 20597 server.go:854] Successfully created completion provider
I0212 23:30:37.171944 20597 server.go:905] Child process attempting to acquire lock file /tmp/260aec8b-280e-427e-9dc6-eafedba07010/codeium/manager/locks/child_lock_1739374235525118682_5707497821025834366
I0212 23:30:37.171969 20597 server.go:913] Child process acquired lock file /tmp/260aec8b-280e-427e-9dc6-eafedba07010/codeium/manager/locks/child_lock_1739374235525118682_5707497821025834366
I0212 23:30:37.174752 20597 server.go:365] LSP listening on random port at 46133
46133
I0212 23:30:37.229937 20573 main.go:300] [Language Server Manager] Found random server port 35971
I0212 23:30:37.229970 20573 main.go:301] [Language Server Manager] Found random lsp port 46133
I0212 23:30:37.229983 20573 main.go:308] [Language Server Manager] Attempting to connect to language server at 127.0.0.1:35971
I0212 23:30:37.241136 20573 main.go:177] [Language Server Manager] Fixing language server port at 35971
I0212 23:30:37.241156 20573 main.go:360] [Language Server Manager] Successfully connected to new language server at 127.0.0.1:35971
(VSCode) 2025-02-12 23:30:37.284 [INFO]: Found language server running on port 35971
(VSCode) 2025-02-12 23:30:38.594 [INFO]: openAllTextDocuments took 1.6497589999999036ms
(VSCode) 2025-02-12 23:35:41.597 [INFO]: Disposing language server process
(VSCode) 2025-02-12 23:35:41.597 [INFO]: Deleting manager directory: /tmp/260aec8b-280e-427e-9dc6-eafedba07010/codeium/manager
(VSCode) 2025-02-12 23:35:41.598 [INFO]: Successfully disposed language server
W0212 23:35:41.597727 20573 main.go:127] [Language Server Manager] Got signal terminated, shutting down
