(VSCode) 2025-02-14 22:37:41.471 [INFO]: No proxy settings found
(VSCode) 2025-02-14 22:37:42.519 [INFO]: Checking network connection...
(VSCode) 2025-02-14 22:37:43.388 [INFO]: No Network Issue connecting to https://server.codeium.com/healthz
(VSCode) 2025-02-14 22:37:43.492 [INFO]: Creating manager directory: /tmp/eb3a884e-26ee-4de9-a691-b43333ea6eaa/codeium/manager
(VSCode) 2025-02-14 22:37:43.644 [INFO]: Using cached LS with valid crc32: /home/yuki/.vscode-oss/extensions/codeium.codeium-1.34.2/dist/f967d079379dbf4f485c8ce9fce1d4fae1c70ede/language_server_linux_x64
(VSCode) 2025-02-14 22:37:43.649 [INFO]: Language server started
2025/02/14 22:37:43 maxprocs: Leaving GOMAXPROCS=20: CPU quota undefined
I0214 22:37:43.694060 12847 main.go:572] [Language Server Manager] Setting GOMAXPROCS to 20
I0214 22:37:43.694080 12847 main.go:791] [Language Server Manager] Starting language server manager with pid 12847
I0214 22:37:43.694119 12847 main.go:123] [Language Server Manager] Manager acquired its lock file /tmp/eb3a884e-26ee-4de9-a691-b43333ea6eaa/codeium/manager/locks/manager.lock
I0214 22:37:43.694531 12847 main.go:264] [Language Server Manager] Waiting for random port file in /tmp/eb3a884e-26ee-4de9-a691-b43333ea6eaa/codeium/manager/child_random_port_1739543863694203872_310516963901664813 to be created
2025/02/14 22:37:43 maxprocs: Leaving GOMAXPROCS=20: CPU quota undefined
I0214 22:37:43.739278 12872 main.go:572] Setting GOMAXPROCS to 4
I0214 22:37:43.739342 12872 main.go:785] Starting language server process with pid 12872
I0214 22:37:43.739360 12872 server.go:221] Language server will attempt to listen on host 127.0.0.1
I0214 22:37:43.739416 12872 server.go:228] Language server listening on random port at 42653
I0214 22:37:44.651424 12872 unleash.go:92] Initializing Unleash
I0214 22:37:46.096074 12872 unleash.go:112] Successfully initialized Unleash
I0214 22:37:46.096203 12872 server.go:306] Extension server port not specified; skipping extension server client creation
I0214 22:37:46.100970 12872 web_server.go:258] Chat Web Server listening at ws://127.0.0.1:35771
I0214 22:37:46.106541 12872 server.go:559] Successfully created API server client
I0214 22:37:46.123063 12872 server.go:577] Successfully initialized tokenizer
I0214 22:37:46.149762 12872 server.go:761] Local search is enabled, will index local files.
I0214 22:37:46.149774 12872 server.go:765] Using 4 indexer workers
I0214 22:37:46.153537 12872 server.go:854] Successfully created completion provider
I0214 22:37:46.153551 12872 server.go:905] Child process attempting to acquire lock file /tmp/eb3a884e-26ee-4de9-a691-b43333ea6eaa/codeium/manager/locks/child_lock_1739543863694220812_5224389636543836903
I0214 22:37:46.153573 12872 server.go:913] Child process acquired lock file /tmp/eb3a884e-26ee-4de9-a691-b43333ea6eaa/codeium/manager/locks/child_lock_1739543863694220812_5224389636543836903
I0214 22:37:46.156390 12872 server.go:365] LSP listening on random port at 41551
41551
I0214 22:37:46.201661 12847 main.go:300] [Language Server Manager] Found random server port 42653
I0214 22:37:46.201681 12847 main.go:301] [Language Server Manager] Found random lsp port 41551
I0214 22:37:46.201691 12847 main.go:308] [Language Server Manager] Attempting to connect to language server at 127.0.0.1:42653
I0214 22:37:46.212711 12847 main.go:177] [Language Server Manager] Fixing language server port at 42653
I0214 22:37:46.212718 12847 main.go:360] [Language Server Manager] Successfully connected to new language server at 127.0.0.1:42653
(VSCode) 2025-02-14 22:37:46.257 [INFO]: Found language server running on port 42653
(VSCode) 2025-02-14 22:37:46.552 [INFO]: openAllTextDocuments took 1.6874840000000404ms
(VSCode) 2025-02-14 22:38:00.465 [INFO]: Disposing language server process
(VSCode) 2025-02-14 22:38:00.465 [INFO]: Deleting manager directory: /tmp/eb3a884e-26ee-4de9-a691-b43333ea6eaa/codeium/manager
(VSCode) 2025-02-14 22:38:00.465 [INFO]: Successfully disposed language server
W0214 22:38:00.465186 12847 main.go:127] [Language Server Manager] Got signal terminated, shutting down
